the
relevant
of
are
documents
to
in
or
and
not
a
that
for
what
is
on
must
about
discuss
information
by
document
find
as
specific
contain
be
an
also
how
such
regarding
irrelevant
will
has
been
other
have
mention
with
include
provide
describe
but
any
do
from
between
use
which
describing
being
and/or
specifically
reports
containing
descriptions
causes
identify
some
number
who
only
etc
were
details
using
simply
including
their
two
more
both
nor
pros
why
cons
issues
at
evidence
per
arguments
relations
where
unless
add
reason
indicted
than
simple
made
when
one
term
its
related
used
current
great
make
detail
may
referring
did
indicate
involved
could
was
result
types
it
articles
itself
however
i.e
con
pro
discussions
those
can
there
these
if
had
his
her
relating
e.g
contains
